2014/08/26 18:41:11 [trace] [system.CModule] Loading "log" application component
in C:\arq\web\www\newhorse\yii\index.php (13)
2014/08/26 18:41:11 [trace] [system.CModule] Loading "request" application component
in C:\arq\web\www\newhorse\yii\index.php (13)
2014/08/26 18:41:11 [trace] [system.CModule] Loading "urlManager" application component
in C:\arq\web\www\newhorse\yii\index.php (13)
2014/08/26 18:41:11 [trace] [system.CModule] Loading "user" application component
in C:\arq\web\www\newhorse\yii\protected\controllers\SiteController.php (177)
in C:\arq\web\www\newhorse\yii\index.php (13)
2014/08/26 18:41:11 [trace] [system.CModule] Loading "session" application component
in C:\arq\web\www\newhorse\yii\protected\controllers\SiteController.php (177)
in C:\arq\web\www\newhorse\yii\index.php (13)
2014/08/26 18:41:11 [trace] [system.db.ar.CActiveRecord] User.findByAttributes()
in C:\arq\web\www\newhorse\yii\protected\controllers\SiteController.php (311)
in C:\arq\web\www\newhorse\yii\index.php (13)
2014/08/26 18:41:11 [trace] [system.CModule] Loading "db" application component
in C:\arq\web\www\newhorse\yii\protected\controllers\SiteController.php (311)
in C:\arq\web\www\newhorse\yii\index.php (13)
2014/08/26 18:41:11 [trace] [system.db.CDbConnection] Opening DB connection
in C:\arq\web\www\newhorse\yii\protected\controllers\SiteController.php (311)
in C:\arq\web\www\newhorse\yii\index.php (13)
2014/08/26 18:41:11 [trace] [system.db.CDbCommand] Querying SQL: SHOW FULL COLUMNS FROM `user`
in C:\arq\web\www\newhorse\yii\protected\controllers\SiteController.php (311)
in C:\arq\web\www\newhorse\yii\index.php (13)
2014/08/26 18:41:11 [trace] [system.db.CDbCommand] Querying SQL: SHOW CREATE TABLE `user`
in C:\arq\web\www\newhorse\yii\protected\controllers\SiteController.php (311)
in C:\arq\web\www\newhorse\yii\index.php (13)
2014/08/26 18:41:11 [trace] [system.db.CDbCommand] Querying SQL: SELECT * FROM `user` `t` WHERE `t`.`user_id`=:yp0 LIMIT 1
in C:\arq\web\www\newhorse\yii\protected\controllers\SiteController.php (311)
in C:\arq\web\www\newhorse\yii\index.php (13)
2014/08/26 18:41:11 [trace] [system.db.ar.CActiveRecord] EventCategory.findAll()
in C:\arq\web\www\newhorse\yii\protected\controllers\SiteController.php (312)
in C:\arq\web\www\newhorse\yii\index.php (13)
2014/08/26 18:41:11 [trace] [system.db.CDbCommand] Querying SQL: SHOW FULL COLUMNS FROM `event_category`
in C:\arq\web\www\newhorse\yii\protected\controllers\SiteController.php (312)
in C:\arq\web\www\newhorse\yii\index.php (13)
2014/08/26 18:41:11 [trace] [system.db.CDbCommand] Querying SQL: SHOW CREATE TABLE `event_category`
in C:\arq\web\www\newhorse\yii\protected\controllers\SiteController.php (312)
in C:\arq\web\www\newhorse\yii\index.php (13)
2014/08/26 18:41:11 [trace] [system.db.CDbCommand] Querying SQL: SHOW FULL COLUMNS FROM `event_subcategory`
in C:\arq\web\www\newhorse\yii\protected\controllers\SiteController.php (312)
in C:\arq\web\www\newhorse\yii\index.php (13)
2014/08/26 18:41:11 [trace] [system.db.CDbCommand] Querying SQL: SHOW CREATE TABLE `event_subcategory`
in C:\arq\web\www\newhorse\yii\protected\controllers\SiteController.php (312)
in C:\arq\web\www\newhorse\yii\index.php (13)
2014/08/26 18:41:11 [trace] [system.db.CDbCommand] Querying SQL: SELECT `t`.`event_category_id` AS `t0_c0`, `t`.`name` AS `t0_c1`, `eventSubcategories`.`event_subcategory_id` AS `t1_c0`, `eventSubcategories`.`event_category_id` AS `t1_c1`, `eventSubcategories`.`name` AS `t1_c2` FROM `event_category` `t`  LEFT OUTER JOIN `event_subcategory` `eventSubcategories` ON (`eventSubcategories`.`event_category_id`=`t`.`event_category_id`) WHERE (t.name=:_name)
in C:\arq\web\www\newhorse\yii\protected\controllers\SiteController.php (312)
in C:\arq\web\www\newhorse\yii\index.php (13)
2014/08/26 18:41:11 [trace] [system.db.ar.CActiveRecord] lazy loading EventSubcategory.eventDefinitions
in C:\arq\web\www\newhorse\yii\protected\models\EventCategory.php (126)
in C:\arq\web\www\newhorse\yii\protected\controllers\SiteController.php (313)
in C:\arq\web\www\newhorse\yii\index.php (13)
2014/08/26 18:41:11 [trace] [system.db.CDbCommand] Querying SQL: SHOW FULL COLUMNS FROM `event_definition`
in C:\arq\web\www\newhorse\yii\protected\models\EventCategory.php (126)
in C:\arq\web\www\newhorse\yii\protected\controllers\SiteController.php (313)
in C:\arq\web\www\newhorse\yii\index.php (13)
2014/08/26 18:41:11 [trace] [system.db.CDbCommand] Querying SQL: SHOW CREATE TABLE `event_definition`
in C:\arq\web\www\newhorse\yii\protected\models\EventCategory.php (126)
in C:\arq\web\www\newhorse\yii\protected\controllers\SiteController.php (313)
in C:\arq\web\www\newhorse\yii\index.php (13)
2014/08/26 18:41:11 [trace] [system.db.CDbCommand] Querying SQL: SELECT `eventDefinitions`.`event_definition_id` AS `t1_c0`, `eventDefinitions`.`event_subcategory_id` AS `t1_c1`, `eventDefinitions`.`parameter` AS `t1_c2`, `eventDefinitions`.`comment` AS `t1_c3`, `eventDefinitions`.`label` AS `t1_c4` FROM `event_definition` `eventDefinitions`  WHERE (`eventDefinitions`.`event_subcategory_id`=:ypl0)
in C:\arq\web\www\newhorse\yii\protected\models\EventCategory.php (126)
in C:\arq\web\www\newhorse\yii\protected\controllers\SiteController.php (313)
in C:\arq\web\www\newhorse\yii\index.php (13)
2014/08/26 18:41:11 [trace] [system.db.ar.CActiveRecord] lazy loading EventDefinition.eventUnits
in C:\arq\web\www\newhorse\yii\protected\models\EventCategory.php (134)
in C:\arq\web\www\newhorse\yii\protected\controllers\SiteController.php (313)
in C:\arq\web\www\newhorse\yii\index.php (13)
2014/08/26 18:41:11 [trace] [system.db.CDbCommand] Querying SQL: SHOW FULL COLUMNS FROM `event_unit`
in C:\arq\web\www\newhorse\yii\protected\models\EventCategory.php (134)
in C:\arq\web\www\newhorse\yii\protected\controllers\SiteController.php (313)
in C:\arq\web\www\newhorse\yii\index.php (13)
2014/08/26 18:41:11 [trace] [system.db.CDbCommand] Querying SQL: SHOW CREATE TABLE `event_unit`
in C:\arq\web\www\newhorse\yii\protected\models\EventCategory.php (134)
in C:\arq\web\www\newhorse\yii\protected\controllers\SiteController.php (313)
in C:\arq\web\www\newhorse\yii\index.php (13)
2014/08/26 18:41:11 [trace] [system.db.CDbCommand] Querying SQL: SHOW FULL COLUMNS FROM `event_definition_unit_xref`
in C:\arq\web\www\newhorse\yii\protected\models\EventCategory.php (134)
in C:\arq\web\www\newhorse\yii\protected\controllers\SiteController.php (313)
in C:\arq\web\www\newhorse\yii\index.php (13)
2014/08/26 18:41:11 [trace] [system.db.CDbCommand] Querying SQL: SHOW CREATE TABLE `event_definition_unit_xref`
in C:\arq\web\www\newhorse\yii\protected\models\EventCategory.php (134)
in C:\arq\web\www\newhorse\yii\protected\controllers\SiteController.php (313)
in C:\arq\web\www\newhorse\yii\index.php (13)
2014/08/26 18:41:11 [trace] [system.db.CDbCommand] Querying SQL: SELECT `eventUnits`.`event_unit_id` AS `t1_c0`, `eventUnits`.`name` AS `t1_c1` FROM `event_unit` `eventUnits`  INNER JOIN `event_definition_unit_xref` `eventUnits_eventUnits` ON (`eventUnits_eventUnits`.`event_definition_id`=:ypl0) AND (`eventUnits`.`event_unit_id`=`eventUnits_eventUnits`.`event_unit_id`)
in C:\arq\web\www\newhorse\yii\protected\models\EventCategory.php (134)
in C:\arq\web\www\newhorse\yii\protected\controllers\SiteController.php (313)
in C:\arq\web\www\newhorse\yii\index.php (13)
2014/08/26 18:41:11 [trace] [system.db.ar.CActiveRecord] lazy loading EventSubcategory.eventDefinitions
in C:\arq\web\www\newhorse\yii\protected\models\EventCategory.php (126)
in C:\arq\web\www\newhorse\yii\protected\controllers\SiteController.php (313)
in C:\arq\web\www\newhorse\yii\index.php (13)
2014/08/26 18:41:11 [trace] [system.db.CDbCommand] Querying SQL: SELECT `eventDefinitions`.`event_definition_id` AS `t1_c0`, `eventDefinitions`.`event_subcategory_id` AS `t1_c1`, `eventDefinitions`.`parameter` AS `t1_c2`, `eventDefinitions`.`comment` AS `t1_c3`, `eventDefinitions`.`label` AS `t1_c4` FROM `event_definition` `eventDefinitions`  WHERE (`eventDefinitions`.`event_subcategory_id`=:ypl0)
in C:\arq\web\www\newhorse\yii\protected\models\EventCategory.php (126)
in C:\arq\web\www\newhorse\yii\protected\controllers\SiteController.php (313)
in C:\arq\web\www\newhorse\yii\index.php (13)
2014/08/26 18:41:11 [trace] [system.db.ar.CActiveRecord] lazy loading EventDefinition.eventUnits
in C:\arq\web\www\newhorse\yii\protected\models\EventCategory.php (134)
in C:\arq\web\www\newhorse\yii\protected\controllers\SiteController.php (313)
in C:\arq\web\www\newhorse\yii\index.php (13)
2014/08/26 18:41:11 [trace] [system.db.CDbCommand] Querying SQL: SELECT `eventUnits`.`event_unit_id` AS `t1_c0`, `eventUnits`.`name` AS `t1_c1` FROM `event_unit` `eventUnits`  INNER JOIN `event_definition_unit_xref` `eventUnits_eventUnits` ON (`eventUnits_eventUnits`.`event_definition_id`=:ypl0) AND (`eventUnits`.`event_unit_id`=`eventUnits_eventUnits`.`event_unit_id`)
in C:\arq\web\www\newhorse\yii\protected\models\EventCategory.php (134)
in C:\arq\web\www\newhorse\yii\protected\controllers\SiteController.php (313)
in C:\arq\web\www\newhorse\yii\index.php (13)
2014/08/26 18:41:11 [trace] [system.db.ar.CActiveRecord] lazy loading EventSubcategory.eventDefinitions
in C:\arq\web\www\newhorse\yii\protected\models\EventCategory.php (126)
in C:\arq\web\www\newhorse\yii\protected\controllers\SiteController.php (313)
in C:\arq\web\www\newhorse\yii\index.php (13)
2014/08/26 18:41:11 [trace] [system.db.CDbCommand] Querying SQL: SELECT `eventDefinitions`.`event_definition_id` AS `t1_c0`, `eventDefinitions`.`event_subcategory_id` AS `t1_c1`, `eventDefinitions`.`parameter` AS `t1_c2`, `eventDefinitions`.`comment` AS `t1_c3`, `eventDefinitions`.`label` AS `t1_c4` FROM `event_definition` `eventDefinitions`  WHERE (`eventDefinitions`.`event_subcategory_id`=:ypl0)
in C:\arq\web\www\newhorse\yii\protected\models\EventCategory.php (126)
in C:\arq\web\www\newhorse\yii\protected\controllers\SiteController.php (313)
in C:\arq\web\www\newhorse\yii\index.php (13)
2014/08/26 18:41:11 [trace] [system.db.ar.CActiveRecord] lazy loading EventDefinition.eventUnits
in C:\arq\web\www\newhorse\yii\protected\models\EventCategory.php (134)
in C:\arq\web\www\newhorse\yii\protected\controllers\SiteController.php (313)
in C:\arq\web\www\newhorse\yii\index.php (13)
2014/08/26 18:41:11 [trace] [system.db.CDbCommand] Querying SQL: SELECT `eventUnits`.`event_unit_id` AS `t1_c0`, `eventUnits`.`name` AS `t1_c1` FROM `event_unit` `eventUnits`  INNER JOIN `event_definition_unit_xref` `eventUnits_eventUnits` ON (`eventUnits_eventUnits`.`event_definition_id`=:ypl0) AND (`eventUnits`.`event_unit_id`=`eventUnits_eventUnits`.`event_unit_id`)
in C:\arq\web\www\newhorse\yii\protected\models\EventCategory.php (134)
in C:\arq\web\www\newhorse\yii\protected\controllers\SiteController.php (313)
in C:\arq\web\www\newhorse\yii\index.php (13)
2014/08/26 18:41:11 [trace] [system.db.ar.CActiveRecord] lazy loading EventSubcategory.eventDefinitions
in C:\arq\web\www\newhorse\yii\protected\models\EventCategory.php (126)
in C:\arq\web\www\newhorse\yii\protected\controllers\SiteController.php (313)
in C:\arq\web\www\newhorse\yii\index.php (13)
2014/08/26 18:41:11 [trace] [system.db.CDbCommand] Querying SQL: SELECT `eventDefinitions`.`event_definition_id` AS `t1_c0`, `eventDefinitions`.`event_subcategory_id` AS `t1_c1`, `eventDefinitions`.`parameter` AS `t1_c2`, `eventDefinitions`.`comment` AS `t1_c3`, `eventDefinitions`.`label` AS `t1_c4` FROM `event_definition` `eventDefinitions`  WHERE (`eventDefinitions`.`event_subcategory_id`=:ypl0)
in C:\arq\web\www\newhorse\yii\protected\models\EventCategory.php (126)
in C:\arq\web\www\newhorse\yii\protected\controllers\SiteController.php (313)
in C:\arq\web\www\newhorse\yii\index.php (13)
2014/08/26 18:41:11 [trace] [system.db.ar.CActiveRecord] lazy loading EventDefinition.eventUnits
in C:\arq\web\www\newhorse\yii\protected\models\EventCategory.php (134)
in C:\arq\web\www\newhorse\yii\protected\controllers\SiteController.php (313)
in C:\arq\web\www\newhorse\yii\index.php (13)
2014/08/26 18:41:11 [trace] [system.db.CDbCommand] Querying SQL: SELECT `eventUnits`.`event_unit_id` AS `t1_c0`, `eventUnits`.`name` AS `t1_c1` FROM `event_unit` `eventUnits`  INNER JOIN `event_definition_unit_xref` `eventUnits_eventUnits` ON (`eventUnits_eventUnits`.`event_definition_id`=:ypl0) AND (`eventUnits`.`event_unit_id`=`eventUnits_eventUnits`.`event_unit_id`)
in C:\arq\web\www\newhorse\yii\protected\models\EventCategory.php (134)
in C:\arq\web\www\newhorse\yii\protected\controllers\SiteController.php (313)
in C:\arq\web\www\newhorse\yii\index.php (13)
2014/08/26 18:41:11 [trace] [system.db.ar.CActiveRecord] lazy loading EventDefinition.eventUnits
in C:\arq\web\www\newhorse\yii\protected\models\EventCategory.php (134)
in C:\arq\web\www\newhorse\yii\protected\controllers\SiteController.php (313)
in C:\arq\web\www\newhorse\yii\index.php (13)
2014/08/26 18:41:11 [trace] [system.db.CDbCommand] Querying SQL: SELECT `eventUnits`.`event_unit_id` AS `t1_c0`, `eventUnits`.`name` AS `t1_c1` FROM `event_unit` `eventUnits`  INNER JOIN `event_definition_unit_xref` `eventUnits_eventUnits` ON (`eventUnits_eventUnits`.`event_definition_id`=:ypl0) AND (`eventUnits`.`event_unit_id`=`eventUnits_eventUnits`.`event_unit_id`)
in C:\arq\web\www\newhorse\yii\protected\models\EventCategory.php (134)
in C:\arq\web\www\newhorse\yii\protected\controllers\SiteController.php (313)
in C:\arq\web\www\newhorse\yii\index.php (13)
2014/08/26 18:41:11 [trace] [system.db.ar.CActiveRecord] lazy loading EventSubcategory.eventDefinitions
in C:\arq\web\www\newhorse\yii\protected\models\EventCategory.php (126)
in C:\arq\web\www\newhorse\yii\protected\controllers\SiteController.php (313)
in C:\arq\web\www\newhorse\yii\index.php (13)
2014/08/26 18:41:11 [trace] [system.db.CDbCommand] Querying SQL: SELECT `eventDefinitions`.`event_definition_id` AS `t1_c0`, `eventDefinitions`.`event_subcategory_id` AS `t1_c1`, `eventDefinitions`.`parameter` AS `t1_c2`, `eventDefinitions`.`comment` AS `t1_c3`, `eventDefinitions`.`label` AS `t1_c4` FROM `event_definition` `eventDefinitions`  WHERE (`eventDefinitions`.`event_subcategory_id`=:ypl0)
in C:\arq\web\www\newhorse\yii\protected\models\EventCategory.php (126)
in C:\arq\web\www\newhorse\yii\protected\controllers\SiteController.php (313)
in C:\arq\web\www\newhorse\yii\index.php (13)
2014/08/26 18:41:11 [trace] [system.db.ar.CActiveRecord] lazy loading EventDefinition.eventUnits
in C:\arq\web\www\newhorse\yii\protected\models\EventCategory.php (134)
in C:\arq\web\www\newhorse\yii\protected\controllers\SiteController.php (313)
in C:\arq\web\www\newhorse\yii\index.php (13)
2014/08/26 18:41:11 [trace] [system.db.CDbCommand] Querying SQL: SELECT `eventUnits`.`event_unit_id` AS `t1_c0`, `eventUnits`.`name` AS `t1_c1` FROM `event_unit` `eventUnits`  INNER JOIN `event_definition_unit_xref` `eventUnits_eventUnits` ON (`eventUnits_eventUnits`.`event_definition_id`=:ypl0) AND (`eventUnits`.`event_unit_id`=`eventUnits_eventUnits`.`event_unit_id`)
in C:\arq\web\www\newhorse\yii\protected\models\EventCategory.php (134)
in C:\arq\web\www\newhorse\yii\protected\controllers\SiteController.php (313)
in C:\arq\web\www\newhorse\yii\index.php (13)
2014/08/26 18:41:11 [trace] [system.db.ar.CActiveRecord] lazy loading EventDefinition.eventUnits
in C:\arq\web\www\newhorse\yii\protected\models\EventCategory.php (134)
in C:\arq\web\www\newhorse\yii\protected\controllers\SiteController.php (313)
in C:\arq\web\www\newhorse\yii\index.php (13)
2014/08/26 18:41:11 [trace] [system.db.CDbCommand] Querying SQL: SELECT `eventUnits`.`event_unit_id` AS `t1_c0`, `eventUnits`.`name` AS `t1_c1` FROM `event_unit` `eventUnits`  INNER JOIN `event_definition_unit_xref` `eventUnits_eventUnits` ON (`eventUnits_eventUnits`.`event_definition_id`=:ypl0) AND (`eventUnits`.`event_unit_id`=`eventUnits_eventUnits`.`event_unit_id`)
in C:\arq\web\www\newhorse\yii\protected\models\EventCategory.php (134)
in C:\arq\web\www\newhorse\yii\protected\controllers\SiteController.php (313)
in C:\arq\web\www\newhorse\yii\index.php (13)
2014/08/26 18:41:11 [trace] [system.db.ar.CActiveRecord] lazy loading EventSubcategory.eventDefinitions
in C:\arq\web\www\newhorse\yii\protected\models\EventCategory.php (126)
in C:\arq\web\www\newhorse\yii\protected\controllers\SiteController.php (313)
in C:\arq\web\www\newhorse\yii\index.php (13)
2014/08/26 18:41:11 [trace] [system.db.CDbCommand] Querying SQL: SELECT `eventDefinitions`.`event_definition_id` AS `t1_c0`, `eventDefinitions`.`event_subcategory_id` AS `t1_c1`, `eventDefinitions`.`parameter` AS `t1_c2`, `eventDefinitions`.`comment` AS `t1_c3`, `eventDefinitions`.`label` AS `t1_c4` FROM `event_definition` `eventDefinitions`  WHERE (`eventDefinitions`.`event_subcategory_id`=:ypl0)
in C:\arq\web\www\newhorse\yii\protected\models\EventCategory.php (126)
in C:\arq\web\www\newhorse\yii\protected\controllers\SiteController.php (313)
in C:\arq\web\www\newhorse\yii\index.php (13)
2014/08/26 18:41:11 [trace] [system.db.ar.CActiveRecord] lazy loading EventDefinition.eventUnits
in C:\arq\web\www\newhorse\yii\protected\models\EventCategory.php (134)
in C:\arq\web\www\newhorse\yii\protected\controllers\SiteController.php (313)
in C:\arq\web\www\newhorse\yii\index.php (13)
2014/08/26 18:41:11 [trace] [system.db.CDbCommand] Querying SQL: SELECT `eventUnits`.`event_unit_id` AS `t1_c0`, `eventUnits`.`name` AS `t1_c1` FROM `event_unit` `eventUnits`  INNER JOIN `event_definition_unit_xref` `eventUnits_eventUnits` ON (`eventUnits_eventUnits`.`event_definition_id`=:ypl0) AND (`eventUnits`.`event_unit_id`=`eventUnits_eventUnits`.`event_unit_id`)
in C:\arq\web\www\newhorse\yii\protected\models\EventCategory.php (134)
in C:\arq\web\www\newhorse\yii\protected\controllers\SiteController.php (313)
in C:\arq\web\www\newhorse\yii\index.php (13)
2014/08/26 18:41:11 [trace] [system.db.ar.CActiveRecord] lazy loading EventDefinition.eventUnits
in C:\arq\web\www\newhorse\yii\protected\models\EventCategory.php (134)
in C:\arq\web\www\newhorse\yii\protected\controllers\SiteController.php (313)
in C:\arq\web\www\newhorse\yii\index.php (13)
2014/08/26 18:41:11 [trace] [system.db.CDbCommand] Querying SQL: SELECT `eventUnits`.`event_unit_id` AS `t1_c0`, `eventUnits`.`name` AS `t1_c1` FROM `event_unit` `eventUnits`  INNER JOIN `event_definition_unit_xref` `eventUnits_eventUnits` ON (`eventUnits_eventUnits`.`event_definition_id`=:ypl0) AND (`eventUnits`.`event_unit_id`=`eventUnits_eventUnits`.`event_unit_id`)
in C:\arq\web\www\newhorse\yii\protected\models\EventCategory.php (134)
in C:\arq\web\www\newhorse\yii\protected\controllers\SiteController.php (313)
in C:\arq\web\www\newhorse\yii\index.php (13)
2014/08/26 18:41:11 [trace] [system.db.ar.CActiveRecord] lazy loading EventSubcategory.eventDefinitions
in C:\arq\web\www\newhorse\yii\protected\models\EventCategory.php (126)
in C:\arq\web\www\newhorse\yii\protected\controllers\SiteController.php (313)
in C:\arq\web\www\newhorse\yii\index.php (13)
2014/08/26 18:41:11 [trace] [system.db.CDbCommand] Querying SQL: SELECT `eventDefinitions`.`event_definition_id` AS `t1_c0`, `eventDefinitions`.`event_subcategory_id` AS `t1_c1`, `eventDefinitions`.`parameter` AS `t1_c2`, `eventDefinitions`.`comment` AS `t1_c3`, `eventDefinitions`.`label` AS `t1_c4` FROM `event_definition` `eventDefinitions`  WHERE (`eventDefinitions`.`event_subcategory_id`=:ypl0)
in C:\arq\web\www\newhorse\yii\protected\models\EventCategory.php (126)
in C:\arq\web\www\newhorse\yii\protected\controllers\SiteController.php (313)
in C:\arq\web\www\newhorse\yii\index.php (13)
2014/08/26 18:41:11 [trace] [system.db.ar.CActiveRecord] lazy loading EventDefinition.eventUnits
in C:\arq\web\www\newhorse\yii\protected\models\EventCategory.php (134)
in C:\arq\web\www\newhorse\yii\protected\controllers\SiteController.php (313)
in C:\arq\web\www\newhorse\yii\index.php (13)
2014/08/26 18:41:11 [trace] [system.db.CDbCommand] Querying SQL: SELECT `eventUnits`.`event_unit_id` AS `t1_c0`, `eventUnits`.`name` AS `t1_c1` FROM `event_unit` `eventUnits`  INNER JOIN `event_definition_unit_xref` `eventUnits_eventUnits` ON (`eventUnits_eventUnits`.`event_definition_id`=:ypl0) AND (`eventUnits`.`event_unit_id`=`eventUnits_eventUnits`.`event_unit_id`)
in C:\arq\web\www\newhorse\yii\protected\models\EventCategory.php (134)
in C:\arq\web\www\newhorse\yii\protected\controllers\SiteController.php (313)
in C:\arq\web\www\newhorse\yii\index.php (13)
2014/08/26 18:41:11 [trace] [system.db.ar.CActiveRecord] lazy loading EventDefinition.eventUnits
in C:\arq\web\www\newhorse\yii\protected\models\EventCategory.php (134)
in C:\arq\web\www\newhorse\yii\protected\controllers\SiteController.php (313)
in C:\arq\web\www\newhorse\yii\index.php (13)
2014/08/26 18:41:11 [trace] [system.db.CDbCommand] Querying SQL: SELECT `eventUnits`.`event_unit_id` AS `t1_c0`, `eventUnits`.`name` AS `t1_c1` FROM `event_unit` `eventUnits`  INNER JOIN `event_definition_unit_xref` `eventUnits_eventUnits` ON (`eventUnits_eventUnits`.`event_definition_id`=:ypl0) AND (`eventUnits`.`event_unit_id`=`eventUnits_eventUnits`.`event_unit_id`)
in C:\arq\web\www\newhorse\yii\protected\models\EventCategory.php (134)
in C:\arq\web\www\newhorse\yii\protected\controllers\SiteController.php (313)
in C:\arq\web\www\newhorse\yii\index.php (13)
2014/08/26 18:41:11 [trace] [system.db.ar.CActiveRecord] lazy loading EventSubcategory.eventDefinitions
in C:\arq\web\www\newhorse\yii\protected\models\EventCategory.php (126)
in C:\arq\web\www\newhorse\yii\protected\controllers\SiteController.php (313)
in C:\arq\web\www\newhorse\yii\index.php (13)
2014/08/26 18:41:11 [trace] [system.db.CDbCommand] Querying SQL: SELECT `eventDefinitions`.`event_definition_id` AS `t1_c0`, `eventDefinitions`.`event_subcategory_id` AS `t1_c1`, `eventDefinitions`.`parameter` AS `t1_c2`, `eventDefinitions`.`comment` AS `t1_c3`, `eventDefinitions`.`label` AS `t1_c4` FROM `event_definition` `eventDefinitions`  WHERE (`eventDefinitions`.`event_subcategory_id`=:ypl0)
in C:\arq\web\www\newhorse\yii\protected\models\EventCategory.php (126)
in C:\arq\web\www\newhorse\yii\protected\controllers\SiteController.php (313)
in C:\arq\web\www\newhorse\yii\index.php (13)
2014/08/26 18:41:11 [trace] [system.db.ar.CActiveRecord] lazy loading EventDefinition.eventUnits
in C:\arq\web\www\newhorse\yii\protected\models\EventCategory.php (134)
in C:\arq\web\www\newhorse\yii\protected\controllers\SiteController.php (313)
in C:\arq\web\www\newhorse\yii\index.php (13)
2014/08/26 18:41:11 [trace] [system.db.CDbCommand] Querying SQL: SELECT `eventUnits`.`event_unit_id` AS `t1_c0`, `eventUnits`.`name` AS `t1_c1` FROM `event_unit` `eventUnits`  INNER JOIN `event_definition_unit_xref` `eventUnits_eventUnits` ON (`eventUnits_eventUnits`.`event_definition_id`=:ypl0) AND (`eventUnits`.`event_unit_id`=`eventUnits_eventUnits`.`event_unit_id`)
in C:\arq\web\www\newhorse\yii\protected\models\EventCategory.php (134)
in C:\arq\web\www\newhorse\yii\protected\controllers\SiteController.php (313)
in C:\arq\web\www\newhorse\yii\index.php (13)
2014/08/26 18:41:11 [trace] [system.db.ar.CActiveRecord] lazy loading EventSubcategory.eventDefinitions
in C:\arq\web\www\newhorse\yii\protected\models\EventCategory.php (126)
in C:\arq\web\www\newhorse\yii\protected\controllers\SiteController.php (313)
in C:\arq\web\www\newhorse\yii\index.php (13)
2014/08/26 18:41:11 [trace] [system.db.CDbCommand] Querying SQL: SELECT `eventDefinitions`.`event_definition_id` AS `t1_c0`, `eventDefinitions`.`event_subcategory_id` AS `t1_c1`, `eventDefinitions`.`parameter` AS `t1_c2`, `eventDefinitions`.`comment` AS `t1_c3`, `eventDefinitions`.`label` AS `t1_c4` FROM `event_definition` `eventDefinitions`  WHERE (`eventDefinitions`.`event_subcategory_id`=:ypl0)
in C:\arq\web\www\newhorse\yii\protected\models\EventCategory.php (126)
in C:\arq\web\www\newhorse\yii\protected\controllers\SiteController.php (313)
in C:\arq\web\www\newhorse\yii\index.php (13)
2014/08/26 18:41:11 [trace] [system.db.ar.CActiveRecord] lazy loading EventDefinition.eventUnits
in C:\arq\web\www\newhorse\yii\protected\models\EventCategory.php (134)
in C:\arq\web\www\newhorse\yii\protected\controllers\SiteController.php (313)
in C:\arq\web\www\newhorse\yii\index.php (13)
2014/08/26 18:41:11 [trace] [system.db.CDbCommand] Querying SQL: SELECT `eventUnits`.`event_unit_id` AS `t1_c0`, `eventUnits`.`name` AS `t1_c1` FROM `event_unit` `eventUnits`  INNER JOIN `event_definition_unit_xref` `eventUnits_eventUnits` ON (`eventUnits_eventUnits`.`event_definition_id`=:ypl0) AND (`eventUnits`.`event_unit_id`=`eventUnits_eventUnits`.`event_unit_id`)
in C:\arq\web\www\newhorse\yii\protected\models\EventCategory.php (134)
in C:\arq\web\www\newhorse\yii\protected\controllers\SiteController.php (313)
in C:\arq\web\www\newhorse\yii\index.php (13)
2014/08/26 18:41:11 [trace] [system.db.ar.CActiveRecord] lazy loading EventSubcategory.eventDefinitions
in C:\arq\web\www\newhorse\yii\protected\models\EventCategory.php (126)
in C:\arq\web\www\newhorse\yii\protected\controllers\SiteController.php (313)
in C:\arq\web\www\newhorse\yii\index.php (13)
2014/08/26 18:41:11 [trace] [system.db.CDbCommand] Querying SQL: SELECT `eventDefinitions`.`event_definition_id` AS `t1_c0`, `eventDefinitions`.`event_subcategory_id` AS `t1_c1`, `eventDefinitions`.`parameter` AS `t1_c2`, `eventDefinitions`.`comment` AS `t1_c3`, `eventDefinitions`.`label` AS `t1_c4` FROM `event_definition` `eventDefinitions`  WHERE (`eventDefinitions`.`event_subcategory_id`=:ypl0)
in C:\arq\web\www\newhorse\yii\protected\models\EventCategory.php (126)
in C:\arq\web\www\newhorse\yii\protected\controllers\SiteController.php (313)
in C:\arq\web\www\newhorse\yii\index.php (13)
2014/08/26 18:41:11 [trace] [system.db.ar.CActiveRecord] lazy loading EventDefinition.eventUnits
in C:\arq\web\www\newhorse\yii\protected\models\EventCategory.php (134)
in C:\arq\web\www\newhorse\yii\protected\controllers\SiteController.php (313)
in C:\arq\web\www\newhorse\yii\index.php (13)
2014/08/26 18:41:11 [trace] [system.db.CDbCommand] Querying SQL: SELECT `eventUnits`.`event_unit_id` AS `t1_c0`, `eventUnits`.`name` AS `t1_c1` FROM `event_unit` `eventUnits`  INNER JOIN `event_definition_unit_xref` `eventUnits_eventUnits` ON (`eventUnits_eventUnits`.`event_definition_id`=:ypl0) AND (`eventUnits`.`event_unit_id`=`eventUnits_eventUnits`.`event_unit_id`)
in C:\arq\web\www\newhorse\yii\protected\models\EventCategory.php (134)
in C:\arq\web\www\newhorse\yii\protected\controllers\SiteController.php (313)
in C:\arq\web\www\newhorse\yii\index.php (13)
2014/08/26 18:41:11 [trace] [system.db.ar.CActiveRecord] lazy loading EventSubcategory.eventDefinitions
in C:\arq\web\www\newhorse\yii\protected\models\EventCategory.php (126)
in C:\arq\web\www\newhorse\yii\protected\controllers\SiteController.php (313)
in C:\arq\web\www\newhorse\yii\index.php (13)
2014/08/26 18:41:11 [trace] [system.db.CDbCommand] Querying SQL: SELECT `eventDefinitions`.`event_definition_id` AS `t1_c0`, `eventDefinitions`.`event_subcategory_id` AS `t1_c1`, `eventDefinitions`.`parameter` AS `t1_c2`, `eventDefinitions`.`comment` AS `t1_c3`, `eventDefinitions`.`label` AS `t1_c4` FROM `event_definition` `eventDefinitions`  WHERE (`eventDefinitions`.`event_subcategory_id`=:ypl0)
in C:\arq\web\www\newhorse\yii\protected\models\EventCategory.php (126)
in C:\arq\web\www\newhorse\yii\protected\controllers\SiteController.php (313)
in C:\arq\web\www\newhorse\yii\index.php (13)
2014/08/26 18:41:11 [trace] [system.db.ar.CActiveRecord] lazy loading EventDefinition.eventUnits
in C:\arq\web\www\newhorse\yii\protected\models\EventCategory.php (134)
in C:\arq\web\www\newhorse\yii\protected\controllers\SiteController.php (313)
in C:\arq\web\www\newhorse\yii\index.php (13)
2014/08/26 18:41:11 [trace] [system.db.CDbCommand] Querying SQL: SELECT `eventUnits`.`event_unit_id` AS `t1_c0`, `eventUnits`.`name` AS `t1_c1` FROM `event_unit` `eventUnits`  INNER JOIN `event_definition_unit_xref` `eventUnits_eventUnits` ON (`eventUnits_eventUnits`.`event_definition_id`=:ypl0) AND (`eventUnits`.`event_unit_id`=`eventUnits_eventUnits`.`event_unit_id`)
in C:\arq\web\www\newhorse\yii\protected\models\EventCategory.php (134)
in C:\arq\web\www\newhorse\yii\protected\controllers\SiteController.php (313)
in C:\arq\web\www\newhorse\yii\index.php (13)
2014/08/26 18:41:11 [trace] [system.db.ar.CActiveRecord] lazy loading EventDefinition.eventUnits
in C:\arq\web\www\newhorse\yii\protected\models\EventCategory.php (134)
in C:\arq\web\www\newhorse\yii\protected\controllers\SiteController.php (313)
in C:\arq\web\www\newhorse\yii\index.php (13)
2014/08/26 18:41:11 [trace] [system.db.CDbCommand] Querying SQL: SELECT `eventUnits`.`event_unit_id` AS `t1_c0`, `eventUnits`.`name` AS `t1_c1` FROM `event_unit` `eventUnits`  INNER JOIN `event_definition_unit_xref` `eventUnits_eventUnits` ON (`eventUnits_eventUnits`.`event_definition_id`=:ypl0) AND (`eventUnits`.`event_unit_id`=`eventUnits_eventUnits`.`event_unit_id`)
in C:\arq\web\www\newhorse\yii\protected\models\EventCategory.php (134)
in C:\arq\web\www\newhorse\yii\protected\controllers\SiteController.php (313)
in C:\arq\web\www\newhorse\yii\index.php (13)
2014/08/26 18:41:11 [trace] [system.db.ar.CActiveRecord] lazy loading EventSubcategory.eventDefinitions
in C:\arq\web\www\newhorse\yii\protected\models\EventCategory.php (126)
in C:\arq\web\www\newhorse\yii\protected\controllers\SiteController.php (313)
in C:\arq\web\www\newhorse\yii\index.php (13)
2014/08/26 18:41:11 [trace] [system.db.CDbCommand] Querying SQL: SELECT `eventDefinitions`.`event_definition_id` AS `t1_c0`, `eventDefinitions`.`event_subcategory_id` AS `t1_c1`, `eventDefinitions`.`parameter` AS `t1_c2`, `eventDefinitions`.`comment` AS `t1_c3`, `eventDefinitions`.`label` AS `t1_c4` FROM `event_definition` `eventDefinitions`  WHERE (`eventDefinitions`.`event_subcategory_id`=:ypl0)
in C:\arq\web\www\newhorse\yii\protected\models\EventCategory.php (126)
in C:\arq\web\www\newhorse\yii\protected\controllers\SiteController.php (313)
in C:\arq\web\www\newhorse\yii\index.php (13)
2014/08/26 18:41:11 [trace] [system.db.ar.CActiveRecord] lazy loading EventDefinition.eventUnits
in C:\arq\web\www\newhorse\yii\protected\models\EventCategory.php (134)
in C:\arq\web\www\newhorse\yii\protected\controllers\SiteController.php (313)
in C:\arq\web\www\newhorse\yii\index.php (13)
2014/08/26 18:41:11 [trace] [system.db.CDbCommand] Querying SQL: SELECT `eventUnits`.`event_unit_id` AS `t1_c0`, `eventUnits`.`name` AS `t1_c1` FROM `event_unit` `eventUnits`  INNER JOIN `event_definition_unit_xref` `eventUnits_eventUnits` ON (`eventUnits_eventUnits`.`event_definition_id`=:ypl0) AND (`eventUnits`.`event_unit_id`=`eventUnits_eventUnits`.`event_unit_id`)
in C:\arq\web\www\newhorse\yii\protected\models\EventCategory.php (134)
in C:\arq\web\www\newhorse\yii\protected\controllers\SiteController.php (313)
in C:\arq\web\www\newhorse\yii\index.php (13)
2014/08/26 18:41:11 [trace] [system.db.ar.CActiveRecord] lazy loading EventDefinition.eventUnits
in C:\arq\web\www\newhorse\yii\protected\models\EventCategory.php (134)
in C:\arq\web\www\newhorse\yii\protected\controllers\SiteController.php (313)
in C:\arq\web\www\newhorse\yii\index.php (13)
2014/08/26 18:41:11 [trace] [system.db.CDbCommand] Querying SQL: SELECT `eventUnits`.`event_unit_id` AS `t1_c0`, `eventUnits`.`name` AS `t1_c1` FROM `event_unit` `eventUnits`  INNER JOIN `event_definition_unit_xref` `eventUnits_eventUnits` ON (`eventUnits_eventUnits`.`event_definition_id`=:ypl0) AND (`eventUnits`.`event_unit_id`=`eventUnits_eventUnits`.`event_unit_id`)
in C:\arq\web\www\newhorse\yii\protected\models\EventCategory.php (134)
in C:\arq\web\www\newhorse\yii\protected\controllers\SiteController.php (313)
in C:\arq\web\www\newhorse\yii\index.php (13)
2014/08/26 18:41:11 [trace] [system.db.ar.CActiveRecord] lazy loading EventSubcategory.eventDefinitions
in C:\arq\web\www\newhorse\yii\protected\models\EventCategory.php (126)
in C:\arq\web\www\newhorse\yii\protected\controllers\SiteController.php (313)
in C:\arq\web\www\newhorse\yii\index.php (13)
2014/08/26 18:41:11 [trace] [system.db.CDbCommand] Querying SQL: SELECT `eventDefinitions`.`event_definition_id` AS `t1_c0`, `eventDefinitions`.`event_subcategory_id` AS `t1_c1`, `eventDefinitions`.`parameter` AS `t1_c2`, `eventDefinitions`.`comment` AS `t1_c3`, `eventDefinitions`.`label` AS `t1_c4` FROM `event_definition` `eventDefinitions`  WHERE (`eventDefinitions`.`event_subcategory_id`=:ypl0)
in C:\arq\web\www\newhorse\yii\protected\models\EventCategory.php (126)
in C:\arq\web\www\newhorse\yii\protected\controllers\SiteController.php (313)
in C:\arq\web\www\newhorse\yii\index.php (13)
2014/08/26 18:41:11 [trace] [system.db.ar.CActiveRecord] lazy loading EventDefinition.eventUnits
in C:\arq\web\www\newhorse\yii\protected\models\EventCategory.php (134)
in C:\arq\web\www\newhorse\yii\protected\controllers\SiteController.php (313)
in C:\arq\web\www\newhorse\yii\index.php (13)
2014/08/26 18:41:11 [trace] [system.db.CDbCommand] Querying SQL: SELECT `eventUnits`.`event_unit_id` AS `t1_c0`, `eventUnits`.`name` AS `t1_c1` FROM `event_unit` `eventUnits`  INNER JOIN `event_definition_unit_xref` `eventUnits_eventUnits` ON (`eventUnits_eventUnits`.`event_definition_id`=:ypl0) AND (`eventUnits`.`event_unit_id`=`eventUnits_eventUnits`.`event_unit_id`)
in C:\arq\web\www\newhorse\yii\protected\models\EventCategory.php (134)
in C:\arq\web\www\newhorse\yii\protected\controllers\SiteController.php (313)
in C:\arq\web\www\newhorse\yii\index.php (13)
2014/08/26 18:41:11 [trace] [system.db.ar.CActiveRecord] lazy loading EventDefinition.eventUnits
in C:\arq\web\www\newhorse\yii\protected\models\EventCategory.php (134)
in C:\arq\web\www\newhorse\yii\protected\controllers\SiteController.php (313)
in C:\arq\web\www\newhorse\yii\index.php (13)
2014/08/26 18:41:11 [trace] [system.db.CDbCommand] Querying SQL: SELECT `eventUnits`.`event_unit_id` AS `t1_c0`, `eventUnits`.`name` AS `t1_c1` FROM `event_unit` `eventUnits`  INNER JOIN `event_definition_unit_xref` `eventUnits_eventUnits` ON (`eventUnits_eventUnits`.`event_definition_id`=:ypl0) AND (`eventUnits`.`event_unit_id`=`eventUnits_eventUnits`.`event_unit_id`)
in C:\arq\web\www\newhorse\yii\protected\models\EventCategory.php (134)
in C:\arq\web\www\newhorse\yii\protected\controllers\SiteController.php (313)
in C:\arq\web\www\newhorse\yii\index.php (13)
2014/08/26 18:41:11 [trace] [system.db.ar.CActiveRecord] lazy loading EventSubcategory.eventDefinitions
in C:\arq\web\www\newhorse\yii\protected\models\EventCategory.php (126)
in C:\arq\web\www\newhorse\yii\protected\controllers\SiteController.php (313)
in C:\arq\web\www\newhorse\yii\index.php (13)
2014/08/26 18:41:11 [trace] [system.db.CDbCommand] Querying SQL: SELECT `eventDefinitions`.`event_definition_id` AS `t1_c0`, `eventDefinitions`.`event_subcategory_id` AS `t1_c1`, `eventDefinitions`.`parameter` AS `t1_c2`, `eventDefinitions`.`comment` AS `t1_c3`, `eventDefinitions`.`label` AS `t1_c4` FROM `event_definition` `eventDefinitions`  WHERE (`eventDefinitions`.`event_subcategory_id`=:ypl0)
in C:\arq\web\www\newhorse\yii\protected\models\EventCategory.php (126)
in C:\arq\web\www\newhorse\yii\protected\controllers\SiteController.php (313)
in C:\arq\web\www\newhorse\yii\index.php (13)
2014/08/26 18:41:11 [trace] [system.db.ar.CActiveRecord] lazy loading EventDefinition.eventUnits
in C:\arq\web\www\newhorse\yii\protected\models\EventCategory.php (134)
in C:\arq\web\www\newhorse\yii\protected\controllers\SiteController.php (313)
in C:\arq\web\www\newhorse\yii\index.php (13)
2014/08/26 18:41:11 [trace] [system.db.CDbCommand] Querying SQL: SELECT `eventUnits`.`event_unit_id` AS `t1_c0`, `eventUnits`.`name` AS `t1_c1` FROM `event_unit` `eventUnits`  INNER JOIN `event_definition_unit_xref` `eventUnits_eventUnits` ON (`eventUnits_eventUnits`.`event_definition_id`=:ypl0) AND (`eventUnits`.`event_unit_id`=`eventUnits_eventUnits`.`event_unit_id`)
in C:\arq\web\www\newhorse\yii\protected\models\EventCategory.php (134)
in C:\arq\web\www\newhorse\yii\protected\controllers\SiteController.php (313)
in C:\arq\web\www\newhorse\yii\index.php (13)
2014/08/26 18:41:11 [trace] [system.db.ar.CActiveRecord] lazy loading EventDefinition.eventUnits
in C:\arq\web\www\newhorse\yii\protected\models\EventCategory.php (134)
in C:\arq\web\www\newhorse\yii\protected\controllers\SiteController.php (313)
in C:\arq\web\www\newhorse\yii\index.php (13)
2014/08/26 18:41:11 [trace] [system.db.CDbCommand] Querying SQL: SELECT `eventUnits`.`event_unit_id` AS `t1_c0`, `eventUnits`.`name` AS `t1_c1` FROM `event_unit` `eventUnits`  INNER JOIN `event_definition_unit_xref` `eventUnits_eventUnits` ON (`eventUnits_eventUnits`.`event_definition_id`=:ypl0) AND (`eventUnits`.`event_unit_id`=`eventUnits_eventUnits`.`event_unit_id`)
in C:\arq\web\www\newhorse\yii\protected\models\EventCategory.php (134)
in C:\arq\web\www\newhorse\yii\protected\controllers\SiteController.php (313)
in C:\arq\web\www\newhorse\yii\index.php (13)
2014/08/26 18:41:11 [trace] [system.CModule] Loading "widgetFactory" application component
in C:\arq\web\www\newhorse\yii\protected\views\layouts\arqLayout2.php (140)
in C:\arq\web\www\newhorse\yii\protected\controllers\SiteController.php (319)
in C:\arq\web\www\newhorse\yii\index.php (13)
2014/08/26 18:41:11 [trace] [system.db.ar.CActiveRecord] User.findByAttributes()
in C:\arq\web\www\newhorse\yii\protected\components\HeaderWidget.php (5)
in C:\arq\web\www\newhorse\yii\protected\views\layouts\arqLayout2.php (140)
in C:\arq\web\www\newhorse\yii\protected\controllers\SiteController.php (319)
2014/08/26 18:41:11 [trace] [system.db.CDbCommand] Querying SQL: SELECT * FROM `user` `t` WHERE `t`.`user_id`=:yp0 LIMIT 1
in C:\arq\web\www\newhorse\yii\protected\components\HeaderWidget.php (5)
in C:\arq\web\www\newhorse\yii\protected\views\layouts\arqLayout2.php (140)
in C:\arq\web\www\newhorse\yii\protected\controllers\SiteController.php (319)
2014/08/26 18:41:11 [trace] [system.db.ar.CActiveRecord] Image.findByAttributes()
in C:\arq\web\www\newhorse\yii\protected\components\HeaderWidget.php (6)
in C:\arq\web\www\newhorse\yii\protected\views\layouts\arqLayout2.php (140)
in C:\arq\web\www\newhorse\yii\protected\controllers\SiteController.php (319)
2014/08/26 18:41:11 [trace] [system.db.CDbCommand] Querying SQL: SHOW FULL COLUMNS FROM `image`
in C:\arq\web\www\newhorse\yii\protected\components\HeaderWidget.php (6)
in C:\arq\web\www\newhorse\yii\protected\views\layouts\arqLayout2.php (140)
in C:\arq\web\www\newhorse\yii\protected\controllers\SiteController.php (319)
2014/08/26 18:41:11 [trace] [system.db.CDbCommand] Querying SQL: SHOW CREATE TABLE `image`
in C:\arq\web\www\newhorse\yii\protected\components\HeaderWidget.php (6)
in C:\arq\web\www\newhorse\yii\protected\views\layouts\arqLayout2.php (140)
in C:\arq\web\www\newhorse\yii\protected\controllers\SiteController.php (319)
2014/08/26 18:41:11 [trace] [system.db.CDbCommand] Querying SQL: SELECT * FROM `image` `t` WHERE `t`.`image_id`=:yp0 LIMIT 1
in C:\arq\web\www\newhorse\yii\protected\components\HeaderWidget.php (6)
in C:\arq\web\www\newhorse\yii\protected\views\layouts\arqLayout2.php (140)
in C:\arq\web\www\newhorse\yii\protected\controllers\SiteController.php (319)
2014/08/26 18:41:11 [trace] [system.CModule] Loading "clientScript" application component
in C:\arq\web\www\newhorse\yii\protected\controllers\SiteController.php (319)
in C:\arq\web\www\newhorse\yii\index.php (13)
2014/08/26 18:41:12 [trace] [system.CModule] Loading "log" application component
in C:\arq\web\www\newhorse\yii\index.php (13)
2014/08/26 18:41:12 [trace] [system.CModule] Loading "request" application component
in C:\arq\web\www\newhorse\yii\index.php (13)
2014/08/26 18:41:12 [trace] [system.CModule] Loading "urlManager" application component
in C:\arq\web\www\newhorse\yii\index.php (13)
2014/08/26 18:41:12 [trace] [system.CModule] Loading "coreMessages" application component
in C:\arq\web\www\newhorse\yii\index.php (13)
2014/08/26 18:41:12 [error] [exception.CHttpException.404] exception 'CHttpException' with message 'Unable to resolve the request "assets/images/user//2350406006-0.jpg".' in C:\arq\web\www\newhorse\yii\framework\web\CWebApplication.php:286
Stack trace:
#0 C:\arq\web\www\newhorse\yii\framework\web\CWebApplication.php(141): CWebApplication->runController('assets/images/u...')
#1 C:\arq\web\www\newhorse\yii\framework\base\CApplication.php(184): CWebApplication->processRequest()
#2 C:\arq\web\www\newhorse\yii\index.php(13): CApplication->run()
#3 {main}
REQUEST_URI=/assets/images/user//2350406006-0.jpg
HTTP_REFERER=http://newhorse.cn/settings
---
2014/08/26 18:41:12 [trace] [system.CModule] Loading "errorHandler" application component
2014/08/26 18:41:12 [trace] [system.CModule] Loading "widgetFactory" application component
in C:\arq\web\www\newhorse\yii\protected\views\layouts\column1.php (2)
in C:\arq\web\www\newhorse\yii\protected\controllers\SiteController.php (106)
2014/08/26 18:41:12 [trace] [system.CModule] Loading "user" application component
in C:\arq\web\www\newhorse\yii\protected\views\layouts\main.php (35)
in C:\arq\web\www\newhorse\yii\protected\views\layouts\column1.php (6)
in C:\arq\web\www\newhorse\yii\protected\controllers\SiteController.php (106)
2014/08/26 18:41:12 [trace] [system.CModule] Loading "session" application component
in C:\arq\web\www\newhorse\yii\protected\views\layouts\main.php (35)
in C:\arq\web\www\newhorse\yii\protected\views\layouts\column1.php (6)
in C:\arq\web\www\newhorse\yii\protected\controllers\SiteController.php (106)
2014/08/26 18:41:12 [trace] [system.CModule] Loading "clientScript" application component
in C:\arq\web\www\newhorse\yii\protected\controllers\SiteController.php (106)
